<?xml version="1.0" encoding="UTF-8"?>
<!-- Generated by org.testng.reporters.JUnitReportReporter -->
<testsuite hostname="NAG1-LHP-N07423" failures="0" tests="1" name="com.qa.test.rest.assured.api.TC003_Get_Request_Headers" time="4.161" errors="0" timestamp="2021-05-12T10:47:22 IST" skipped="0">
  <testcase classname="com.qa.test.rest.assured.api.TC003_Get_Request_Headers" name="getheadersDetails" time="4.161"/>
  <system-out/>
</testsuite> <!-- com.qa.test.rest.assured.api.TC003_Get_Request_Headers -->
