<?xml version="1.0" encoding="UTF-8"?>
<!-- Generated by org.testng.reporters.JUnitReportReporter -->
<testsuite hostname="NAG1-LHP-N07423" failures="0" tests="1" name="com.qa.test.rest.assured.api.TC005_Validate_JSON_Response" time="2.708" errors="0" timestamp="2021-05-12T15:28:53 IST" skipped="0">
  <testcase classname="com.qa.test.rest.assured.api.TC005_Validate_JSON_Response" name="validateJSONResponseDetails" time="2.708"/>
  <system-out/>
</testsuite> <!-- com.qa.test.rest.assured.api.TC005_Validate_JSON_Response -->
