<?xml version="1.0" encoding="UTF-8"?>
<!-- Generated by org.testng.reporters.JUnitReportReporter -->
<testsuite hostname="NAG1-LHP-N07423" failures="0" tests="1" name="com.qa.test.rest.assured.api.TC006_GetRequest_Extract_Values_FromEach_Node" time="4.174" errors="0" timestamp="2021-05-12T16:51:56 IST" skipped="0">
  <testcase classname="com.qa.test.rest.assured.api.TC006_GetRequest_Extract_Values_FromEach_Node" name="verifyAllFieldsinResponseBodyDetails" time="4.174"/>
  <system-out/>
</testsuite> <!-- com.qa.test.rest.assured.api.TC006_GetRequest_Extract_Values_FromEach_Node -->
