<?xml version="1.0" encoding="UTF-8"?>
<!-- Generated by org.testng.reporters.JUnitReportReporter -->
<testsuite hostname="NAG1-LHP-N07423" failures="0" tests="1" name="com.qa.test.rest.assured.api.TC001_Get_Request" time="2.987" errors="0" timestamp="2021-05-12T22:25:30 IST" skipped="0">
  <testcase classname="com.qa.test.rest.assured.api.TC001_Get_Request" name="getUserDetails" time="2.987"/>
  <system-out/>
</testsuite> <!-- com.qa.test.rest.assured.api.TC001_Get_Request -->
