<?xml version="1.0" encoding="UTF-8"?>
<!-- Generated by org.testng.reporters.JUnitReportReporter -->
<testsuite hostname="NAG1-LHP-N07423" failures="0" tests="1" name="com.qa.test.rest.assured.api.TC007_Authentication_API" time="3.323" errors="0" timestamp="2021-05-12T22:55:17 IST" skipped="0">
  <testcase classname="com.qa.test.rest.assured.api.TC007_Authentication_API" name="authorizationTest" time="3.323"/>
  <system-out/>
</testsuite> <!-- com.qa.test.rest.assured.api.TC007_Authentication_API -->
