<?xml version="1.0" encoding="UTF-8"?>
<!-- Generated by org.testng.reporters.JUnitReportReporter -->
<testsuite hostname="NAG1-LHP-N07423" failures="0" tests="1" name="com.qa.test.rest.assured.api.TC002_Post_Request" time="4.116" errors="0" timestamp="2021-05-15T12:44:54 IST" skipped="0">
  <testcase classname="com.qa.test.rest.assured.api.TC002_Post_Request" name="createUserDetails" time="4.116"/>
  <system-out/>
</testsuite> <!-- com.qa.test.rest.assured.api.TC002_Post_Request -->
